<?xml version="1.0" encoding="UTF-8"?>
<!-- Generated by org.testng.reporters.JUnitXMLReporter -->
<testsuite ignored="0" hostname="Nourhan" failures="1" tests="1" name="Surefire test" time="6.202" errors="0" timestamp="2025-09-20T20:03:15 EEST">
  <testcase classname="TestCase18" name="testCategoryNavigation" time="0.111">
    <failure type="java.lang.RuntimeException" message="Failed to click category &amp;apos;Women&amp;apos;">
      <![CDATA[java.lang.RuntimeException: Failed to click category 'Women'
at Pages.CategoriesPage.clickCategory(CategoriesPage.java:55)
at TestCase18.testCategoryNavigation(TestCase18.java:28)
at java.base/java.util.ArrayList.forEach(ArrayList.java:1604)
Caused by: org.openqa.selenium.NoSuchElementException: Category 'Women' not found
For documentation on this error, please visit: https://www.selenium.dev/documentation/webdriver/troubleshooting/errors#no-such-element-exception
Build info: version: '4.35.0', revision: '1c58e5028b'
System info: os.name: 'Windows 11', os.arch: 'amd64', os.version: '10.0', java.version: '24.0.1'
Driver info: driver.version: unknown
at Pages.CategoriesPage.lambda$clickCategory$1(CategoriesPage.java:39)
at java.base/java.util.Optional.orElseThrow(Optional.java:403)
at Pages.CategoriesPage.clickCategory(CategoriesPage.java:39)
... 32 more
... Removed 30 stack frames]]>
    </failure>
  </testcase> <!-- testCategoryNavigation -->
</testsuite> <!-- Surefire test -->
