<?xml version="1.0" encoding="UTF-8"?>
<testng-results ignored="0" total="1" passed="0" failed="1" skipped="0">
  <reporter-output>
  </reporter-output>
  <suite started-at="2025-09-20T20:03:09 EEST" name="Surefire suite" finished-at="2025-09-20T20:03:15 EEST" duration-ms="6202">
    <groups>
    </groups>
    <test started-at="2025-09-20T20:03:09 EEST" name="Surefire test" finished-at="2025-09-20T20:03:15 EEST" duration-ms="6202">
      <class name="TestCase18">
        <test-method is-config="true" signature="setup()[pri:0, instance:TestCase18@f2f2cc1]" started-at="2025-09-20T20:03:09 EEST" name="setup" finished-at="2025-09-20T20:03:14 EEST" duration-ms="5659" status="PASS">
          <reporter-output>
          </reporter-output>
        </test-method> <!-- setup -->
        <test-method signature="testCategoryNavigation()[pri:0, instance:TestCase18@f2f2cc1]" started-at="2025-09-20T20:03:14 EEST" name="testCategoryNavigation" finished-at="2025-09-20T20:03:14 EEST" duration-ms="111" status="FAIL">
          <exception class="java.lang.RuntimeException">
            <message>
              <![CDATA[Failed to click category 'Women']]>
            </message>
            <full-stacktrace>
              <![CDATA[java.lang.RuntimeException: Failed to click category 'Women'
at Pages.CategoriesPage.clickCategory(CategoriesPage.java:55)
at TestCase18.testCategoryNavigation(TestCase18.java:28)
at java.base/jdk.internal.reflect.DirectMethodHandleAccessor.invoke(DirectMethodHandleAccessor.java:104)
at java.base/java.lang.reflect.Method.invoke(Method.java:565)
at org.testng.internal.invokers.MethodInvocationHelper.invokeMethod(MethodInvocationHelper.java:141)
at org.testng.internal.invokers.TestInvoker.invokeMethod(TestInvoker.java:687)
at org.testng.internal.invokers.TestInvoker.invokeTestMethod(TestInvoker.java:230)
at org.testng.internal.invokers.MethodRunner.runInSequence(MethodRunner.java:63)
at org.testng.internal.invokers.TestInvoker$MethodInvocationAgent.invoke(TestInvoker.java:995)
at org.testng.internal.invokers.TestInvoker.invokeTestMethods(TestInvoker.java:203)
at org.testng.internal.invokers.TestMethodWorker.invokeTestMethods(TestMethodWorker.java:154)
at org.testng.internal.invokers.TestMethodWorker.run(TestMethodWorker.java:134)
at java.base/java.util.ArrayList.forEach(ArrayList.java:1604)
at org.testng.TestRunner.privateRun(TestRunner.java:741)
at org.testng.TestRunner.run(TestRunner.java:616)
at org.testng.SuiteRunner.runTest(SuiteRunner.java:421)
at org.testng.SuiteRunner.runSequentially(SuiteRunner.java:413)
at org.testng.SuiteRunner.privateRun(SuiteRunner.java:373)
at org.testng.SuiteRunner.run(SuiteRunner.java:312)
at org.testng.SuiteRunnerWorker.runSuite(SuiteRunnerWorker.java:52)
at org.testng.SuiteRunnerWorker.run(SuiteRunnerWorker.java:95)
at org.testng.TestNG.runSuitesSequentially(TestNG.java:1274)
at org.testng.TestNG.runSuitesLocally(TestNG.java:1208)
at org.testng.TestNG.runSuites(TestNG.java:1112)
at org.testng.TestNG.run(TestNG.java:1079)
at org.apache.maven.surefire.testng.TestNGExecutor.run(TestNGExecutor.java:155)
at org.apache.maven.surefire.testng.TestNGDirectoryTestSuite.executeSingleClass(TestNGDirectoryTestSuite.java:102)
at org.apache.maven.surefire.testng.TestNGDirectoryTestSuite.execute(TestNGDirectoryTestSuite.java:91)
at org.apache.maven.surefire.testng.TestNGProvider.invoke(TestNGProvider.java:137)
at org.apache.maven.surefire.booter.ForkedBooter.runSuitesInProcess(ForkedBooter.java:385)
at org.apache.maven.surefire.booter.ForkedBooter.execute(ForkedBooter.java:162)
at org.apache.maven.surefire.booter.ForkedBooter.run(ForkedBooter.java:507)
at org.apache.maven.surefire.booter.ForkedBooter.main(ForkedBooter.java:495)
Caused by: org.openqa.selenium.NoSuchElementException: Category 'Women' not found
For documentation on this error, please visit: https://www.selenium.dev/documentation/webdriver/troubleshooting/errors#no-such-element-exception
Build info: version: '4.35.0', revision: '1c58e5028b'
System info: os.name: 'Windows 11', os.arch: 'amd64', os.version: '10.0', java.version: '24.0.1'
Driver info: driver.version: unknown
at Pages.CategoriesPage.lambda$clickCategory$1(CategoriesPage.java:39)
at java.base/java.util.Optional.orElseThrow(Optional.java:403)
at Pages.CategoriesPage.clickCategory(CategoriesPage.java:39)
... 32 more
]]>
            </full-stacktrace>
          </exception> <!-- java.lang.RuntimeException -->
          <reporter-output>
          </reporter-output>
        </test-method> <!-- testCategoryNavigation -->
        <test-method is-config="true" signature="tearDown()[pri:0, instance:TestCase18@f2f2cc1]" started-at="2025-09-20T20:03:14 EEST" name="tearDown" finished-at="2025-09-20T20:03:15 EEST" duration-ms="399" status="PASS">
          <reporter-output>
          </reporter-output>
        </test-method> <!-- tearDown -->
      </class> <!-- TestCase18 -->
    </test> <!-- Surefire test -->
  </suite> <!-- Surefire suite -->
</testng-results>
