<?xml version="1.0" encoding="UTF-8"?>
<!-- Generated by org.testng.reporters.JUnitReportReporter -->
<testsuite hostname="Nourhan" failures="0" tests="5" name="TestCase6" time="57.973" errors="0" timestamp="2025-09-18T19:07:43 EEST" skipped="0">
  <testcase classname="TestCase6" name="testContactUsForm" time="9.896"/>
  <testcase classname="TestCase6" name="testContactUsForm" time="14.272"/>
  <testcase classname="TestCase6" name="testContactUsForm" time="11.601"/>
  <testcase classname="TestCase6" name="testContactUsForm" time="11.825"/>
  <testcase classname="TestCase6" name="testContactUsForm" time="10.379"/>
</testsuite> <!-- TestCase6 -->
