<?xml version="1.0" encoding="UTF-8"?>
<!-- Generated by org.testng.reporters.JUnitReportReporter -->
<testsuite hostname="Nourhan" failures="0" tests="10" name="TestCase3" time="76.040" errors="0" timestamp="2025-09-16T21:11:02 EEST" skipped="0">
  <testcase classname="TestCase3" name="registerUsers" time="8.645"/>
  <testcase classname="TestCase3" name="registerUsers" time="6.739"/>
  <testcase classname="TestCase3" name="registerUsers" time="8.744"/>
  <testcase classname="TestCase3" name="registerUsers" time="6.921"/>
  <testcase classname="TestCase3" name="registerUsers" time="7.009"/>
  <testcase classname="TestCase3" name="registerUsers" time="6.701"/>
  <testcase classname="TestCase3" name="registerUsers" time="7.666"/>
  <testcase classname="TestCase3" name="registerUsers" time="8.159"/>
  <testcase classname="TestCase3" name="registerUsers" time="6.888"/>
  <testcase classname="TestCase3" name="registerUsers" time="8.568"/>
</testsuite> <!-- TestCase3 -->
