<?xml version="1.0" encoding="UTF-8"?>
<!-- Generated by org.testng.reporters.JUnitReportReporter -->
<testsuite hostname="Nourhan" failures="0" tests="10" name="TestCase4" time="314.685" errors="0" timestamp="2025-09-16T21:29:05 EEST" skipped="0">
  <testcase classname="TestCase4" name="registerUsers" time="23.593"/>
  <testcase classname="TestCase4" name="registerUsers" time="22.836"/>
  <testcase classname="TestCase4" name="registerUsers" time="27.232"/>
  <testcase classname="TestCase4" name="registerUsers" time="24.519"/>
  <testcase classname="TestCase4" name="registerUsers" time="23.005"/>
  <testcase classname="TestCase4" name="registerUsers" time="55.170"/>
  <testcase classname="TestCase4" name="registerUsers" time="61.601"/>
  <testcase classname="TestCase4" name="registerUsers" time="24.522"/>
  <testcase classname="TestCase4" name="registerUsers" time="25.833"/>
  <testcase classname="TestCase4" name="registerUsers" time="26.374"/>
</testsuite> <!-- TestCase4 -->
