<?xml version="1.0" encoding="UTF-8"?>
<!-- Generated by org.testng.reporters.JUnitReportReporter -->
<testsuite hostname="Nourhan" failures="0" tests="10" name="TestCase2" time="269.936" errors="0" timestamp="2025-09-16T20:59:29 EEST" skipped="0">
  <testcase classname="TestCase2" name="registerUsers" time="27.099"/>
  <testcase classname="TestCase2" name="registerUsers" time="20.050"/>
  <testcase classname="TestCase2" name="registerUsers" time="27.007"/>
  <testcase classname="TestCase2" name="registerUsers" time="24.017"/>
  <testcase classname="TestCase2" name="registerUsers" time="26.076"/>
  <testcase classname="TestCase2" name="registerUsers" time="32.743"/>
  <testcase classname="TestCase2" name="registerUsers" time="21.852"/>
  <testcase classname="TestCase2" name="registerUsers" time="22.692"/>
  <testcase classname="TestCase2" name="registerUsers" time="37.917"/>
  <testcase classname="TestCase2" name="registerUsers" time="30.483"/>
</testsuite> <!-- TestCase2 -->
